{"/home/hisham/stumble-clone/ui/src/components/App.css": {"path":"/home/hisham/stumble-clone/ui/src/components/App.css","statementMap":{},"fnMap":{},"branchMap":{},"s":{},"f":{},"b":{},"meta":{"lastBranch":0,"lastFunction":0,"lastStatement":0,"seen":{}}}
,"/home/hisham/stumble-clone/ui/src/components/App.tsx": {"path":"/home/hisham/stumble-clone/ui/src/components/App.tsx","statementMap":{"0":{"start":{"line":40,"column":17},"end":{"line":40,"column":null}},"1":{"start":{"line":48,"column":25},"end":{"line":48,"column":null}},"2":{"start":{"line":49,"column":18},"end":{"line":49,"column":null}},"3":{"start":{"line":50,"column":18},"end":{"line":50,"column":null}},"4":{"start":{"line":51,"column":16},"end":{"line":51,"column":null}},"5":{"start":{"line":52,"column":21},"end":{"line":52,"column":null}},"6":{"start":{"line":53,"column":22},"end":{"line":53,"column":null}},"7":{"start":{"line":54,"column":17},"end":{"line":54,"column":null}},"8":{"start":{"line":55,"column":22},"end":{"line":55,"column":null}},"9":{"start":{"line":56,"column":16},"end":{"line":56,"column":null}},"10":{"start":{"line":57,"column":18},"end":{"line":57,"column":null}},"11":{"start":{"line":58,"column":26},"end":{"line":58,"column":null}},"12":{"start":{"line":59,"column":19},"end":{"line":59,"column":null}},"13":{"start":{"line":60,"column":15},"end":{"line":60,"column":null}},"14":{"start":{"line":61,"column":16},"end":{"line":61,"column":null}},"15":{"start":{"line":62,"column":19},"end":{"line":62,"column":null}},"16":{"start":{"line":63,"column":22},"end":{"line":63,"column":null}},"17":{"start":{"line":64,"column":22},"end":{"line":64,"column":null}},"18":{"start":{"line":65,"column":22},"end":{"line":65,"column":null}},"19":{"start":{"line":66,"column":19},"end":{"line":66,"column":null}},"20":{"start":{"line":67,"column":20},"end":{"line":67,"column":null}},"21":{"start":{"line":68,"column":24},"end":{"line":68,"column":null}},"22":{"start":{"line":69,"column":19},"end":{"line":71,"column":null}},"23":{"start":{"line":70,"column":4},"end":{"line":70,"column":null}},"24":{"start":{"line":73,"column":8},"end":{"line":73,"column":null}},"25":{"start":{"line":74,"column":8},"end":{"line":74,"column":null}},"26":{"start":{"line":75,"column":8},"end":{"line":75,"column":null}},"27":{"start":{"line":77,"column":2},"end":{"line":92,"column":null}},"28":{"start":{"line":78,"column":19},"end":{"line":78,"column":null}},"29":{"start":{"line":79,"column":18},"end":{"line":79,"column":null}},"30":{"start":{"line":80,"column":4},"end":{"line":91,"column":null}},"31":{"start":{"line":81,"column":6},"end":{"line":81,"column":null}},"32":{"start":{"line":82,"column":6},"end":{"line":82,"column":null}},"33":{"start":{"line":83,"column":6},"end":{"line":90,"column":null}},"34":{"start":{"line":84,"column":21},"end":{"line":84,"column":47}},"35":{"start":{"line":86,"column":10},"end":{"line":89,"column":null}},"36":{"start":{"line":87,"column":12},"end":{"line":87,"column":null}},"37":{"start":{"line":88,"column":12},"end":{"line":88,"column":null}},"38":{"start":{"line":94,"column":29},"end":{"line":102,"column":null}},"39":{"start":{"line":95,"column":18},"end":{"line":95,"column":null}},"40":{"start":{"line":96,"column":20},"end":{"line":100,"column":null}},"41":{"start":{"line":101,"column":4},"end":{"line":101,"column":null}},"42":{"start":{"line":104,"column":21},"end":{"line":122,"column":null}},"43":{"start":{"line":105,"column":21},"end":{"line":105,"column":null}},"44":{"start":{"line":106,"column":4},"end":{"line":121,"column":null}},"45":{"start":{"line":107,"column":18},"end":{"line":111,"column":null}},"46":{"start":{"line":112,"column":6},"end":{"line":112,"column":null}},"47":{"start":{"line":112,"column":19},"end":{"line":112,"column":null}},"48":{"start":{"line":113,"column":19},"end":{"line":113,"column":null}},"49":{"start":{"line":114,"column":6},"end":{"line":114,"column":null}},"50":{"start":{"line":115,"column":6},"end":{"line":115,"column":null}},"51":{"start":{"line":116,"column":6},"end":{"line":116,"column":null}},"52":{"start":{"line":117,"column":6},"end":{"line":117,"column":null}},"53":{"start":{"line":119,"column":6},"end":{"line":119,"column":null}},"54":{"start":{"line":120,"column":6},"end":{"line":120,"column":null}},"55":{"start":{"line":127,"column":22},"end":{"line":137,"column":null}},"56":{"start":{"line":128,"column":4},"end":{"line":128,"column":null}},"57":{"start":{"line":128,"column":18},"end":{"line":128,"column":null}},"58":{"start":{"line":129,"column":22},"end":{"line":129,"column":null}},"59":{"start":{"line":130,"column":4},"end":{"line":136,"column":null}},"60":{"start":{"line":131,"column":6},"end":{"line":131,"column":null}},"61":{"start":{"line":131,"column":12},"end":{"line":131,"column":46}},"62":{"start":{"line":131,"column":60},"end":{"line":131,"column":94}},"63":{"start":{"line":133,"column":6},"end":{"line":133,"column":null}},"64":{"start":{"line":134,"column":6},"end":{"line":134,"column":null}},"65":{"start":{"line":135,"column":6},"end":{"line":135,"column":null}},"66":{"start":{"line":135,"column":23},"end":{"line":135,"column":39}},"67":{"start":{"line":143,"column":8},"end":{"line":175,"column":null}},"68":{"start":{"line":144,"column":26},"end":{"line":144,"column":null}},"69":{"start":{"line":145,"column":4},"end":{"line":145,"column":null}},"70":{"start":{"line":145,"column":23},"end":{"line":145,"column":null}},"71":{"start":{"line":147,"column":24},"end":{"line":147,"column":null}},"72":{"start":{"line":148,"column":29},"end":{"line":152,"column":null}},"73":{"start":{"line":154,"column":4},"end":{"line":159,"column":null}},"74":{"start":{"line":155,"column":19},"end":{"line":155,"column":null}},"75":{"start":{"line":156,"column":6},"end":{"line":156,"column":null}},"76":{"start":{"line":157,"column":6},"end":{"line":157,"column":null}},"77":{"start":{"line":158,"column":6},"end":{"line":158,"column":null}},"78":{"start":{"line":161,"column":26},"end":{"line":165,"column":null}},"79":{"start":{"line":167,"column":4},"end":{"line":172,"column":null}},"80":{"start":{"line":168,"column":19},"end":{"line":168,"column":null}},"81":{"start":{"line":169,"column":6},"end":{"line":169,"column":null}},"82":{"start":{"line":170,"column":6},"end":{"line":170,"column":null}},"83":{"start":{"line":171,"column":6},"end":{"line":171,"column":null}},"84":{"start":{"line":174,"column":4},"end":{"line":174,"column":null}},"85":{"start":{"line":177,"column":23},"end":{"line":188,"column":null}},"86":{"start":{"line":178,"column":4},"end":{"line":178,"column":null}},"87":{"start":{"line":179,"column":4},"end":{"line":187,"column":null}},"88":{"start":{"line":180,"column":18},"end":{"line":180,"column":null}},"89":{"start":{"line":181,"column":6},"end":{"line":181,"column":null}},"90":{"start":{"line":181,"column":19},"end":{"line":181,"column":null}},"91":{"start":{"line":182,"column":22},"end":{"line":182,"column":null}},"92":{"start":{"line":183,"column":6},"end":{"line":183,"column":null}},"93":{"start":{"line":185,"column":6},"end":{"line":185,"column":null}},"94":{"start":{"line":186,"column":6},"end":{"line":186,"column":null}},"95":{"start":{"line":190,"column":8},"end":{"line":195,"column":null}},"96":{"start":{"line":191,"column":4},"end":{"line":194,"column":null}},"97":{"start":{"line":192,"column":6},"end":{"line":192,"column":null}},"98":{"start":{"line":193,"column":6},"end":{"line":193,"column":null}},"99":{"start":{"line":197,"column":8},"end":{"line":206,"column":null}},"100":{"start":{"line":198,"column":4},"end":{"line":198,"column":null}},"101":{"start":{"line":199,"column":4},"end":{"line":199,"column":null}},"102":{"start":{"line":200,"column":4},"end":{"line":205,"column":null}},"103":{"start":{"line":201,"column":6},"end":{"line":204,"column":null}},"104":{"start":{"line":208,"column":2},"end":{"line":220,"column":null}},"105":{"start":{"line":209,"column":4},"end":{"line":219,"column":null}},"106":{"start":{"line":210,"column":6},"end":{"line":218,"column":null}},"107":{"start":{"line":211,"column":8},"end":{"line":214,"column":null}},"108":{"start":{"line":213,"column":10},"end":{"line":213,"column":null}},"109":{"start":{"line":213,"column":27},"end":{"line":213,"column":50}},"110":{"start":{"line":217,"column":8},"end":{"line":217,"column":null}},"111":{"start":{"line":217,"column":25},"end":{"line":217,"column":44}},"112":{"start":{"line":222,"column":8},"end":{"line":229,"column":null}},"113":{"start":{"line":223,"column":4},"end":{"line":223,"column":null}},"114":{"start":{"line":224,"column":4},"end":{"line":228,"column":null}},"115":{"start":{"line":225,"column":6},"end":{"line":227,"column":null}},"116":{"start":{"line":226,"column":8},"end":{"line":226,"column":null}},"117":{"start":{"line":231,"column":8},"end":{"line":235,"column":null}},"118":{"start":{"line":232,"column":4},"end":{"line":232,"column":null}},"119":{"start":{"line":233,"column":4},"end":{"line":233,"column":null}},"120":{"start":{"line":234,"column":4},"end":{"line":234,"column":null}},"121":{"start":{"line":237,"column":21},"end":{"line":237,"column":null}},"122":{"start":{"line":237,"column":79},"end":{"line":237,"column":100}},"123":{"start":{"line":239,"column":8},"end":{"line":260,"column":null}},"124":{"start":{"line":240,"column":4},"end":{"line":240,"column":null}},"125":{"start":{"line":241,"column":4},"end":{"line":241,"column":null}},"126":{"start":{"line":242,"column":4},"end":{"line":242,"column":null}},"127":{"start":{"line":243,"column":4},"end":{"line":243,"column":null}},"128":{"start":{"line":244,"column":4},"end":{"line":244,"column":null}},"129":{"start":{"line":245,"column":4},"end":{"line":245,"column":null}},"130":{"start":{"line":246,"column":4},"end":{"line":246,"column":null}},"131":{"start":{"line":248,"column":4},"end":{"line":259,"column":null}},"132":{"start":{"line":249,"column":18},"end":{"line":249,"column":null}},"133":{"start":{"line":250,"column":6},"end":{"line":250,"column":null}},"134":{"start":{"line":250,"column":19},"end":{"line":250,"column":null}},"135":{"start":{"line":251,"column":34},"end":{"line":251,"column":null}},"136":{"start":{"line":252,"column":6},"end":{"line":252,"column":null}},"137":{"start":{"line":253,"column":6},"end":{"line":253,"column":null}},"138":{"start":{"line":254,"column":6},"end":{"line":254,"column":null}},"139":{"start":{"line":256,"column":6},"end":{"line":256,"column":null}},"140":{"start":{"line":258,"column":6},"end":{"line":258,"column":null}},"141":{"start":{"line":262,"column":8},"end":{"line":267,"column":null}},"142":{"start":{"line":263,"column":4},"end":{"line":263,"column":null}},"143":{"start":{"line":264,"column":4},"end":{"line":264,"column":null}},"144":{"start":{"line":265,"column":4},"end":{"line":265,"column":null}},"145":{"start":{"line":266,"column":4},"end":{"line":266,"column":null}},"146":{"start":{"line":269,"column":21},"end":{"line":295,"column":null}},"147":{"start":{"line":270,"column":4},"end":{"line":270,"column":null}},"148":{"start":{"line":270,"column":18},"end":{"line":270,"column":null}},"149":{"start":{"line":271,"column":4},"end":{"line":271,"column":null}},"150":{"start":{"line":272,"column":4},"end":{"line":294,"column":null}},"151":{"start":{"line":273,"column":6},"end":{"line":276,"column":null}},"152":{"start":{"line":277,"column":6},"end":{"line":277,"column":null}},"153":{"start":{"line":278,"column":6},"end":{"line":287,"column":null}},"154":{"start":{"line":279,"column":8},"end":{"line":282,"column":null}},"155":{"start":{"line":283,"column":8},"end":{"line":286,"column":null}},"156":{"start":{"line":288,"column":29},"end":{"line":288,"column":null}},"157":{"start":{"line":288,"column":98},"end":{"line":288,"column":122}},"158":{"start":{"line":289,"column":6},"end":{"line":289,"column":null}},"159":{"start":{"line":291,"column":6},"end":{"line":291,"column":null}},"160":{"start":{"line":293,"column":6},"end":{"line":293,"column":null}},"161":{"start":{"line":298,"column":2},"end":{"line":312,"column":null}},"162":{"start":{"line":299,"column":23},"end":{"line":309,"column":null}},"163":{"start":{"line":300,"column":6},"end":{"line":304,"column":null}},"164":{"start":{"line":301,"column":8},"end":{"line":301,"column":null}},"165":{"start":{"line":303,"column":8},"end":{"line":303,"column":null}},"166":{"start":{"line":306,"column":6},"end":{"line":306,"column":null}},"167":{"start":{"line":306,"column":62},"end":{"line":306,"column":86}},"168":{"start":{"line":307,"column":6},"end":{"line":307,"column":null}},"169":{"start":{"line":307,"column":69},"end":{"line":307,"column":93}},"170":{"start":{"line":308,"column":6},"end":{"line":308,"column":null}},"171":{"start":{"line":308,"column":68},"end":{"line":308,"column":92}},"172":{"start":{"line":311,"column":4},"end":{"line":311,"column":null}},"173":{"start":{"line":314,"column":31},"end":{"line":331,"column":null}},"174":{"start":{"line":315,"column":4},"end":{"line":315,"column":null}},"175":{"start":{"line":315,"column":18},"end":{"line":315,"column":null}},"176":{"start":{"line":316,"column":4},"end":{"line":330,"column":null}},"177":{"start":{"line":317,"column":6},"end":{"line":324,"column":null}},"178":{"start":{"line":318,"column":8},"end":{"line":318,"column":null}},"179":{"start":{"line":320,"column":8},"end":{"line":323,"column":null}},"180":{"start":{"line":325,"column":18},"end":{"line":325,"column":null}},"181":{"start":{"line":326,"column":31},"end":{"line":326,"column":null}},"182":{"start":{"line":327,"column":6},"end":{"line":327,"column":null}},"183":{"start":{"line":329,"column":6},"end":{"line":329,"column":null}},"184":{"start":{"line":333,"column":31},"end":{"line":342,"column":null}},"185":{"start":{"line":334,"column":4},"end":{"line":341,"column":null}},"186":{"start":{"line":335,"column":6},"end":{"line":335,"column":null}},"187":{"start":{"line":336,"column":18},"end":{"line":336,"column":null}},"188":{"start":{"line":337,"column":31},"end":{"line":337,"column":null}},"189":{"start":{"line":338,"column":6},"end":{"line":338,"column":null}},"190":{"start":{"line":340,"column":6},"end":{"line":340,"column":null}},"191":{"start":{"line":344,"column":8},"end":{"line":344,"column":null}},"192":{"start":{"line":344,"column":27},"end":{"line":344,"column":null}},"193":{"start":{"line":346,"column":2},"end":{"line":349,"column":null}},"194":{"start":{"line":347,"column":4},"end":{"line":347,"column":null}},"195":{"start":{"line":348,"column":4},"end":{"line":348,"column":null}},"196":{"start":{"line":351,"column":2},"end":{"line":351,"column":null}},"197":{"start":{"line":351,"column":2},"end":{"line":351,"column":46}},"198":{"start":{"line":351,"column":24},"end":{"line":351,"column":46}},"199":{"start":{"line":353,"column":2},"end":{"line":579,"column":null}},"200":{"start":{"line":359,"column":62},"end":{"line":359,"column":86}},"201":{"start":{"line":362,"column":59},"end":{"line":362,"column":null}},"202":{"start":{"line":382,"column":114},"end":{"line":382,"column":141}},"203":{"start":{"line":383,"column":123},"end":{"line":383,"column":153}},"204":{"start":{"line":384,"column":59},"end":{"line":384,"column":77}},"205":{"start":{"line":385,"column":61},"end":{"line":385,"column":80}},"206":{"start":{"line":389,"column":61},"end":{"line":389,"column":81}},"207":{"start":{"line":397,"column":57},"end":{"line":397,"column":80}},"208":{"start":{"line":418,"column":14},"end":{"line":418,"column":null}},"209":{"start":{"line":419,"column":14},"end":{"line":419,"column":null}},"210":{"start":{"line":420,"column":14},"end":{"line":420,"column":null}},"211":{"start":{"line":421,"column":14},"end":{"line":421,"column":null}},"212":{"start":{"line":430,"column":98},"end":{"line":430,"column":null}},"213":{"start":{"line":439,"column":128},"end":{"line":439,"column":161}},"214":{"start":{"line":505,"column":101},"end":{"line":505,"column":121}},"215":{"start":{"line":506,"column":104},"end":{"line":506,"column":127}},"216":{"start":{"line":521,"column":74},"end":{"line":521,"column":null}},"217":{"start":{"line":531,"column":20},"end":{"line":534,"column":null}},"218":{"start":{"line":543,"column":76},"end":{"line":543,"column":null}},"219":{"start":{"line":553,"column":20},"end":{"line":556,"column":null}},"220":{"start":{"line":555,"column":72},"end":{"line":555,"column":103}},"221":{"start":{"line":571,"column":16},"end":{"line":573,"column":null}}},"fnMap":{"0":{"name":"App","decl":{"start":{"line":46,"column":16},"end":{"line":46,"column":22}},"loc":{"start":{"line":46,"column":22},"end":{"line":581,"column":null}},"line":46},"1":{"name":"(anonymous_1)","decl":{"start":{"line":69,"column":34},"end":{"line":69,"column":58}},"loc":{"start":{"line":69,"column":58},"end":{"line":71,"column":3}},"line":69},"2":{"name":"(anonymous_2)","decl":{"start":{"line":77,"column":2},"end":{"line":77,"column":18}},"loc":{"start":{"line":77,"column":18},"end":{"line":92,"column":5}},"line":77},"3":{"name":"(anonymous_3)","decl":{"start":{"line":84,"column":9},"end":{"line":84,"column":14}},"loc":{"start":{"line":84,"column":21},"end":{"line":84,"column":47}},"line":84},"4":{"name":"(anonymous_4)","decl":{"start":{"line":85,"column":9},"end":{"line":85,"column":14}},"loc":{"start":{"line":85,"column":22},"end":{"line":90,"column":9}},"line":85},"5":{"name":"(anonymous_5)","decl":{"start":{"line":94,"column":29},"end":{"line":94,"column":36}},"loc":{"start":{"line":94,"column":79},"end":{"line":102,"column":null}},"line":94},"6":{"name":"(anonymous_6)","decl":{"start":{"line":104,"column":21},"end":{"line":104,"column":28}},"loc":{"start":{"line":104,"column":64},"end":{"line":122,"column":null}},"line":104},"7":{"name":"(anonymous_7)","decl":{"start":{"line":127,"column":22},"end":{"line":127,"column":49}},"loc":{"start":{"line":127,"column":49},"end":{"line":137,"column":null}},"line":127},"8":{"name":"(anonymous_8)","decl":{"start":{"line":135,"column":6},"end":{"line":135,"column":23}},"loc":{"start":{"line":135,"column":23},"end":{"line":135,"column":39}},"line":135},"9":{"name":"(anonymous_9)","decl":{"start":{"line":143,"column":36},"end":{"line":143,"column":63}},"loc":{"start":{"line":143,"column":63},"end":{"line":175,"column":5}},"line":143},"10":{"name":"(anonymous_10)","decl":{"start":{"line":177,"column":23},"end":{"line":177,"column":30}},"loc":{"start":{"line":177,"column":62},"end":{"line":188,"column":null}},"line":177},"11":{"name":"(anonymous_11)","decl":{"start":{"line":190,"column":29},"end":{"line":190,"column":47}},"loc":{"start":{"line":190,"column":47},"end":{"line":195,"column":5}},"line":190},"12":{"name":"(anonymous_12)","decl":{"start":{"line":197,"column":26},"end":{"line":197,"column":44}},"loc":{"start":{"line":197,"column":44},"end":{"line":206,"column":5}},"line":197},"13":{"name":"(anonymous_13)","decl":{"start":{"line":208,"column":2},"end":{"line":208,"column":18}},"loc":{"start":{"line":208,"column":18},"end":{"line":220,"column":5}},"line":208},"14":{"name":"(anonymous_14)","decl":{"start":{"line":213,"column":10},"end":{"line":213,"column":27}},"loc":{"start":{"line":213,"column":27},"end":{"line":213,"column":50}},"line":213},"15":{"name":"(anonymous_15)","decl":{"start":{"line":217,"column":8},"end":{"line":217,"column":25}},"loc":{"start":{"line":217,"column":25},"end":{"line":217,"column":44}},"line":217},"16":{"name":"(anonymous_16)","decl":{"start":{"line":222,"column":29},"end":{"line":222,"column":47}},"loc":{"start":{"line":222,"column":47},"end":{"line":229,"column":5}},"line":222},"17":{"name":"(anonymous_17)","decl":{"start":{"line":224,"column":31},"end":{"line":224,"column":48}},"loc":{"start":{"line":224,"column":48},"end":{"line":228,"column":7}},"line":224},"18":{"name":"(anonymous_18)","decl":{"start":{"line":231,"column":27},"end":{"line":231,"column":45}},"loc":{"start":{"line":231,"column":45},"end":{"line":235,"column":5}},"line":231},"19":{"name":"(anonymous_19)","decl":{"start":{"line":237,"column":69},"end":{"line":237,"column":74}},"loc":{"start":{"line":237,"column":79},"end":{"line":237,"column":100}},"line":237},"20":{"name":"(anonymous_20)","decl":{"start":{"line":239,"column":35},"end":{"line":239,"column":47}},"loc":{"start":{"line":239,"column":47},"end":{"line":260,"column":5}},"line":239},"21":{"name":"(anonymous_21)","decl":{"start":{"line":262,"column":8},"end":{"line":262,"column":28}},"loc":{"start":{"line":262,"column":28},"end":{"line":267,"column":null}},"line":262},"22":{"name":"(anonymous_22)","decl":{"start":{"line":269,"column":21},"end":{"line":269,"column":28}},"loc":{"start":{"line":269,"column":72},"end":{"line":295,"column":null}},"line":269},"23":{"name":"(anonymous_23)","decl":{"start":{"line":288,"column":86},"end":{"line":288,"column":91}},"loc":{"start":{"line":288,"column":98},"end":{"line":288,"column":122}},"line":288},"24":{"name":"(anonymous_24)","decl":{"start":{"line":298,"column":2},"end":{"line":298,"column":18}},"loc":{"start":{"line":298,"column":18},"end":{"line":312,"column":5}},"line":298},"25":{"name":"(anonymous_25)","decl":{"start":{"line":299,"column":23},"end":{"line":299,"column":35}},"loc":{"start":{"line":299,"column":35},"end":{"line":309,"column":null}},"line":299},"26":{"name":"(anonymous_26)","decl":{"start":{"line":306,"column":50},"end":{"line":306,"column":55}},"loc":{"start":{"line":306,"column":62},"end":{"line":306,"column":86}},"line":306},"27":{"name":"(anonymous_27)","decl":{"start":{"line":307,"column":57},"end":{"line":307,"column":62}},"loc":{"start":{"line":307,"column":69},"end":{"line":307,"column":93}},"line":307},"28":{"name":"(anonymous_28)","decl":{"start":{"line":308,"column":56},"end":{"line":308,"column":61}},"loc":{"start":{"line":308,"column":68},"end":{"line":308,"column":92}},"line":308},"29":{"name":"(anonymous_29)","decl":{"start":{"line":314,"column":31},"end":{"line":314,"column":58}},"loc":{"start":{"line":314,"column":58},"end":{"line":331,"column":null}},"line":314},"30":{"name":"(anonymous_30)","decl":{"start":{"line":333,"column":31},"end":{"line":333,"column":38}},"loc":{"start":{"line":333,"column":73},"end":{"line":342,"column":null}},"line":333},"31":{"name":"(anonymous_31)","decl":{"start":{"line":344,"column":8},"end":{"line":344,"column":27}},"loc":{"start":{"line":344,"column":27},"end":{"line":344,"column":null}},"line":344},"32":{"name":"(anonymous_32)","decl":{"start":{"line":346,"column":2},"end":{"line":346,"column":18}},"loc":{"start":{"line":346,"column":18},"end":{"line":349,"column":5}},"line":346},"33":{"name":"(anonymous_33)","decl":{"start":{"line":351,"column":2},"end":{"line":351,"column":24}},"loc":{"start":{"line":351,"column":2},"end":{"line":351,"column":46}},"line":351},"34":{"name":"(anonymous_34)","decl":{"start":{"line":359,"column":47},"end":{"line":359,"column":62}},"loc":{"start":{"line":359,"column":62},"end":{"line":359,"column":86}},"line":359},"35":{"name":"(anonymous_35)","decl":{"start":{"line":362,"column":44},"end":{"line":362,"column":59}},"loc":{"start":{"line":362,"column":59},"end":{"line":362,"column":null}},"line":362},"36":{"name":"(anonymous_36)","decl":{"start":{"line":382,"column":66},"end":{"line":382,"column":77}},"loc":{"start":{"line":382,"column":114},"end":{"line":382,"column":141}},"line":382},"37":{"name":"(anonymous_37)","decl":{"start":{"line":383,"column":75},"end":{"line":383,"column":86}},"loc":{"start":{"line":383,"column":123},"end":{"line":383,"column":153}},"line":383},"38":{"name":"(anonymous_38)","decl":{"start":{"line":384,"column":44},"end":{"line":384,"column":59}},"loc":{"start":{"line":384,"column":59},"end":{"line":384,"column":77}},"line":384},"39":{"name":"(anonymous_39)","decl":{"start":{"line":385,"column":46},"end":{"line":385,"column":61}},"loc":{"start":{"line":385,"column":61},"end":{"line":385,"column":80}},"line":385},"40":{"name":"(anonymous_40)","decl":{"start":{"line":389,"column":46},"end":{"line":389,"column":61}},"loc":{"start":{"line":389,"column":61},"end":{"line":389,"column":81}},"line":389},"41":{"name":"(anonymous_41)","decl":{"start":{"line":397,"column":42},"end":{"line":397,"column":57}},"loc":{"start":{"line":397,"column":57},"end":{"line":397,"column":80}},"line":397},"42":{"name":"(anonymous_42)","decl":{"start":{"line":417,"column":57},"end":{"line":417,"column":72}},"loc":{"start":{"line":417,"column":72},"end":{"line":422,"column":15}},"line":417},"43":{"name":"(anonymous_43)","decl":{"start":{"line":430,"column":49},"end":{"line":430,"column":60}},"loc":{"start":{"line":430,"column":98},"end":{"line":430,"column":null}},"line":430},"44":{"name":"(anonymous_44)","decl":{"start":{"line":439,"column":80},"end":{"line":439,"column":91}},"loc":{"start":{"line":439,"column":128},"end":{"line":439,"column":161}},"line":439},"45":{"name":"(anonymous_45)","decl":{"start":{"line":505,"column":86},"end":{"line":505,"column":101}},"loc":{"start":{"line":505,"column":101},"end":{"line":505,"column":121}},"line":505},"46":{"name":"(anonymous_46)","decl":{"start":{"line":506,"column":89},"end":{"line":506,"column":104}},"loc":{"start":{"line":506,"column":104},"end":{"line":506,"column":127}},"line":506},"47":{"name":"(anonymous_47)","decl":{"start":{"line":521,"column":59},"end":{"line":521,"column":74}},"loc":{"start":{"line":521,"column":74},"end":{"line":521,"column":null}},"line":521},"48":{"name":"(anonymous_48)","decl":{"start":{"line":530,"column":40},"end":{"line":530,"column":45}},"loc":{"start":{"line":531,"column":20},"end":{"line":534,"column":null}},"line":531},"49":{"name":"(anonymous_49)","decl":{"start":{"line":543,"column":61},"end":{"line":543,"column":76}},"loc":{"start":{"line":543,"column":76},"end":{"line":543,"column":null}},"line":543},"50":{"name":"(anonymous_50)","decl":{"start":{"line":552,"column":63},"end":{"line":552,"column":68}},"loc":{"start":{"line":553,"column":20},"end":{"line":556,"column":null}},"line":553},"51":{"name":"(anonymous_51)","decl":{"start":{"line":555,"column":57},"end":{"line":555,"column":72}},"loc":{"start":{"line":555,"column":72},"end":{"line":555,"column":103}},"line":555},"52":{"name":"(anonymous_52)","decl":{"start":{"line":570,"column":31},"end":{"line":570,"column":36}},"loc":{"start":{"line":571,"column":16},"end":{"line":573,"column":null}},"line":571}},"branchMap":{"0":{"loc":{"start":{"line":80,"column":4},"end":{"line":91,"column":null}},"type":"if","locations":[{"start":{"line":80,"column":4},"end":{"line":91,"column":null}},{"start":{},"end":{}}],"line":80},"1":{"loc":{"start":{"line":84,"column":21},"end":{"line":84,"column":47}},"type":"cond-expr","locations":[{"start":{"line":84,"column":30},"end":{"line":84,"column":43}},{"start":{"line":84,"column":43},"end":{"line":84,"column":47}}],"line":84},"2":{"loc":{"start":{"line":86,"column":10},"end":{"line":89,"column":null}},"type":"if","locations":[{"start":{"line":86,"column":10},"end":{"line":89,"column":null}},{"start":{},"end":{}}],"line":86},"3":{"loc":{"start":{"line":94,"column":49},"end":{"line":94,"column":79}},"type":"default-arg","locations":[{"start":{"line":94,"column":72},"end":{"line":94,"column":79}}],"line":94},"4":{"loc":{"start":{"line":99,"column":10},"end":{"line":99,"column":null}},"type":"cond-expr","locations":[{"start":{"line":99,"column":18},"end":{"line":99,"column":59}},{"start":{"line":99,"column":59},"end":{"line":99,"column":null}}],"line":99},"5":{"loc":{"start":{"line":105,"column":21},"end":{"line":105,"column":null}},"type":"cond-expr","locations":[{"start":{"line":105,"column":31},"end":{"line":105,"column":58}},{"start":{"line":105,"column":58},"end":{"line":105,"column":null}}],"line":105},"6":{"loc":{"start":{"line":112,"column":6},"end":{"line":112,"column":null}},"type":"if","locations":[{"start":{"line":112,"column":6},"end":{"line":112,"column":null}},{"start":{},"end":{}}],"line":112},"7":{"loc":{"start":{"line":117,"column":15},"end":{"line":117,"column":53}},"type":"cond-expr","locations":[{"start":{"line":117,"column":25},"end":{"line":117,"column":40}},{"start":{"line":117,"column":40},"end":{"line":117,"column":53}}],"line":117},"8":{"loc":{"start":{"line":128,"column":4},"end":{"line":128,"column":null}},"type":"if","locations":[{"start":{"line":128,"column":4},"end":{"line":128,"column":null}},{"start":{},"end":{}}],"line":128},"9":{"loc":{"start":{"line":129,"column":31},"end":{"line":129,"column":67}},"type":"binary-expr","locations":[{"start":{"line":129,"column":31},"end":{"line":129,"column":48}},{"start":{"line":129,"column":48},"end":{"line":129,"column":67}}],"line":129},"10":{"loc":{"start":{"line":130,"column":4},"end":{"line":136,"column":null}},"type":"if","locations":[{"start":{"line":130,"column":4},"end":{"line":136,"column":null}},{"start":{"line":132,"column":11},"end":{"line":136,"column":null}}],"line":130},"11":{"loc":{"start":{"line":145,"column":4},"end":{"line":145,"column":null}},"type":"if","locations":[{"start":{"line":145,"column":4},"end":{"line":145,"column":null}},{"start":{},"end":{}}],"line":145},"12":{"loc":{"start":{"line":154,"column":4},"end":{"line":159,"column":null}},"type":"if","locations":[{"start":{"line":154,"column":4},"end":{"line":159,"column":null}},{"start":{},"end":{}}],"line":154},"13":{"loc":{"start":{"line":167,"column":4},"end":{"line":172,"column":null}},"type":"if","locations":[{"start":{"line":167,"column":4},"end":{"line":172,"column":null}},{"start":{},"end":{}}],"line":167},"14":{"loc":{"start":{"line":181,"column":6},"end":{"line":181,"column":null}},"type":"if","locations":[{"start":{"line":181,"column":6},"end":{"line":181,"column":null}},{"start":{},"end":{}}],"line":181},"15":{"loc":{"start":{"line":191,"column":4},"end":{"line":194,"column":null}},"type":"if","locations":[{"start":{"line":191,"column":4},"end":{"line":194,"column":null}},{"start":{},"end":{}}],"line":191},"16":{"loc":{"start":{"line":200,"column":4},"end":{"line":205,"column":null}},"type":"if","locations":[{"start":{"line":200,"column":4},"end":{"line":205,"column":null}},{"start":{},"end":{}}],"line":200},"17":{"loc":{"start":{"line":209,"column":4},"end":{"line":219,"column":null}},"type":"if","locations":[{"start":{"line":209,"column":4},"end":{"line":219,"column":null}},{"start":{},"end":{}}],"line":209},"18":{"loc":{"start":{"line":209,"column":8},"end":{"line":209,"column":41}},"type":"binary-expr","locations":[{"start":{"line":209,"column":8},"end":{"line":209,"column":22}},{"start":{"line":209,"column":22},"end":{"line":209,"column":41}}],"line":209},"19":{"loc":{"start":{"line":211,"column":8},"end":{"line":214,"column":null}},"type":"if","locations":[{"start":{"line":211,"column":8},"end":{"line":214,"column":null}},{"start":{},"end":{}}],"line":211},"20":{"loc":{"start":{"line":225,"column":6},"end":{"line":227,"column":null}},"type":"if","locations":[{"start":{"line":225,"column":6},"end":{"line":227,"column":null}},{"start":{},"end":{}}],"line":225},"21":{"loc":{"start":{"line":237,"column":21},"end":{"line":237,"column":null}},"type":"cond-expr","locations":[{"start":{"line":237,"column":59},"end":{"line":237,"column":104}},{"start":{"line":237,"column":104},"end":{"line":237,"column":null}}],"line":237},"22":{"loc":{"start":{"line":237,"column":21},"end":{"line":237,"column":59}},"type":"binary-expr","locations":[{"start":{"line":237,"column":21},"end":{"line":237,"column":32}},{"start":{"line":237,"column":32},"end":{"line":237,"column":59}}],"line":237},"23":{"loc":{"start":{"line":250,"column":6},"end":{"line":250,"column":null}},"type":"if","locations":[{"start":{"line":250,"column":6},"end":{"line":250,"column":null}},{"start":{},"end":{}}],"line":250},"24":{"loc":{"start":{"line":256,"column":15},"end":{"line":256,"column":74}},"type":"cond-expr","locations":[{"start":{"line":256,"column":38},"end":{"line":256,"column":52}},{"start":{"line":256,"column":52},"end":{"line":256,"column":74}}],"line":256},"25":{"loc":{"start":{"line":270,"column":4},"end":{"line":270,"column":null}},"type":"if","locations":[{"start":{"line":270,"column":4},"end":{"line":270,"column":null}},{"start":{},"end":{}}],"line":270},"26":{"loc":{"start":{"line":278,"column":6},"end":{"line":287,"column":null}},"type":"if","locations":[{"start":{"line":278,"column":6},"end":{"line":287,"column":null}},{"start":{},"end":{}}],"line":278},"27":{"loc":{"start":{"line":281,"column":82},"end":{"line":281,"column":107}},"type":"cond-expr","locations":[{"start":{"line":281,"column":100},"end":{"line":281,"column":104}},{"start":{"line":281,"column":104},"end":{"line":281,"column":107}}],"line":281},"28":{"loc":{"start":{"line":285,"column":78},"end":{"line":285,"column":103}},"type":"cond-expr","locations":[{"start":{"line":285,"column":96},"end":{"line":285,"column":100}},{"start":{"line":285,"column":100},"end":{"line":285,"column":103}}],"line":285},"29":{"loc":{"start":{"line":288,"column":98},"end":{"line":288,"column":122}},"type":"cond-expr","locations":[{"start":{"line":288,"column":107},"end":{"line":288,"column":120}},{"start":{"line":288,"column":120},"end":{"line":288,"column":122}}],"line":288},"30":{"loc":{"start":{"line":306,"column":62},"end":{"line":306,"column":86}},"type":"cond-expr","locations":[{"start":{"line":306,"column":71},"end":{"line":306,"column":84}},{"start":{"line":306,"column":84},"end":{"line":306,"column":86}}],"line":306},"31":{"loc":{"start":{"line":307,"column":69},"end":{"line":307,"column":93}},"type":"cond-expr","locations":[{"start":{"line":307,"column":78},"end":{"line":307,"column":91}},{"start":{"line":307,"column":91},"end":{"line":307,"column":93}}],"line":307},"32":{"loc":{"start":{"line":308,"column":68},"end":{"line":308,"column":92}},"type":"cond-expr","locations":[{"start":{"line":308,"column":77},"end":{"line":308,"column":90}},{"start":{"line":308,"column":90},"end":{"line":308,"column":92}}],"line":308},"33":{"loc":{"start":{"line":315,"column":4},"end":{"line":315,"column":null}},"type":"if","locations":[{"start":{"line":315,"column":4},"end":{"line":315,"column":null}},{"start":{},"end":{}}],"line":315},"34":{"loc":{"start":{"line":317,"column":6},"end":{"line":324,"column":null}},"type":"if","locations":[{"start":{"line":317,"column":6},"end":{"line":324,"column":null}},{"start":{"line":319,"column":13},"end":{"line":324,"column":null}}],"line":317},"35":{"loc":{"start":{"line":348,"column":34},"end":{"line":348,"column":61}},"type":"cond-expr","locations":[{"start":{"line":348,"column":45},"end":{"line":348,"column":54}},{"start":{"line":348,"column":54},"end":{"line":348,"column":61}}],"line":348},"36":{"loc":{"start":{"line":360,"column":13},"end":{"line":360,"column":null}},"type":"cond-expr","locations":[{"start":{"line":360,"column":24},"end":{"line":360,"column":31}},{"start":{"line":360,"column":31},"end":{"line":360,"column":null}}],"line":360},"37":{"loc":{"start":{"line":362,"column":59},"end":{"line":362,"column":null}},"type":"cond-expr","locations":[{"start":{"line":362,"column":66},"end":{"line":362,"column":89}},{"start":{"line":362,"column":89},"end":{"line":362,"column":null}}],"line":362},"38":{"loc":{"start":{"line":363,"column":13},"end":{"line":368,"column":null}},"type":"cond-expr","locations":[{"start":{"line":364,"column":14},"end":{"line":368,"column":null}},{"start":{"line":368,"column":16},"end":{"line":368,"column":null}}],"line":363},"39":{"loc":{"start":{"line":365,"column":17},"end":{"line":366,"column":17}},"type":"binary-expr","locations":[{"start":{"line":365,"column":17},"end":{"line":365,"column":36}},{"start":{"line":365,"column":36},"end":{"line":366,"column":17}}],"line":365},"40":{"loc":{"start":{"line":366,"column":23},"end":{"line":366,"column":61}},"type":"binary-expr","locations":[{"start":{"line":366,"column":23},"end":{"line":366,"column":44}},{"start":{"line":366,"column":44},"end":{"line":366,"column":61}}],"line":366},"41":{"loc":{"start":{"line":370,"column":11},"end":{"line":373,"column":null}},"type":"binary-expr","locations":[{"start":{"line":370,"column":11},"end":{"line":370,"column":null}},{"start":{"line":371,"column":12},"end":{"line":373,"column":null}}],"line":370},"42":{"loc":{"start":{"line":378,"column":7},"end":{"line":391,"column":null}},"type":"binary-expr","locations":[{"start":{"line":378,"column":7},"end":{"line":378,"column":19}},{"start":{"line":378,"column":19},"end":{"line":378,"column":null}},{"start":{"line":379,"column":8},"end":{"line":391,"column":null}}],"line":378},"43":{"loc":{"start":{"line":394,"column":7},"end":{"line":424,"column":null}},"type":"binary-expr","locations":[{"start":{"line":394,"column":7},"end":{"line":394,"column":22}},{"start":{"line":394,"column":22},"end":{"line":394,"column":null}},{"start":{"line":395,"column":8},"end":{"line":424,"column":null}}],"line":394},"44":{"loc":{"start":{"line":399,"column":15},"end":{"line":402,"column":null}},"type":"cond-expr","locations":[{"start":{"line":400,"column":16},"end":{"line":402,"column":17}},{"start":{"line":402,"column":16},"end":{"line":402,"column":null}}],"line":399},"45":{"loc":{"start":{"line":404,"column":19},"end":{"line":404,"column":55}},"type":"binary-expr","locations":[{"start":{"line":404,"column":19},"end":{"line":404,"column":40}},{"start":{"line":404,"column":40},"end":{"line":404,"column":55}}],"line":404},"46":{"loc":{"start":{"line":445,"column":9},"end":{"line":450,"column":null}},"type":"binary-expr","locations":[{"start":{"line":445,"column":9},"end":{"line":445,"column":24}},{"start":{"line":445,"column":24},"end":{"line":445,"column":null}},{"start":{"line":446,"column":10},"end":{"line":450,"column":null}}],"line":445},"47":{"loc":{"start":{"line":453,"column":9},"end":{"line":457,"column":null}},"type":"binary-expr","locations":[{"start":{"line":453,"column":9},"end":{"line":453,"column":null}},{"start":{"line":454,"column":10},"end":{"line":457,"column":null}}],"line":453},"48":{"loc":{"start":{"line":460,"column":9},"end":{"line":464,"column":null}},"type":"binary-expr","locations":[{"start":{"line":460,"column":9},"end":{"line":460,"column":null}},{"start":{"line":461,"column":10},"end":{"line":464,"column":null}}],"line":460},"49":{"loc":{"start":{"line":467,"column":9},"end":{"line":482,"column":null}},"type":"binary-expr","locations":[{"start":{"line":467,"column":9},"end":{"line":467,"column":23}},{"start":{"line":467,"column":23},"end":{"line":467,"column":34}},{"start":{"line":467,"column":34},"end":{"line":467,"column":null}},{"start":{"line":468,"column":10},"end":{"line":482,"column":null}}],"line":467},"50":{"loc":{"start":{"line":470,"column":46},"end":{"line":470,"column":81}},"type":"binary-expr","locations":[{"start":{"line":470,"column":46},"end":{"line":470,"column":63}},{"start":{"line":470,"column":63},"end":{"line":470,"column":81}}],"line":470},"51":{"loc":{"start":{"line":485,"column":9},"end":{"line":494,"column":null}},"type":"binary-expr","locations":[{"start":{"line":485,"column":9},"end":{"line":485,"column":23}},{"start":{"line":485,"column":23},"end":{"line":485,"column":null}},{"start":{"line":486,"column":10},"end":{"line":494,"column":null}}],"line":485},"52":{"loc":{"start":{"line":498,"column":11},"end":{"line":515,"column":null}},"type":"cond-expr","locations":[{"start":{"line":499,"column":12},"end":{"line":503,"column":13}},{"start":{"line":503,"column":12},"end":{"line":515,"column":null}}],"line":498},"53":{"loc":{"start":{"line":498,"column":11},"end":{"line":498,"column":null}},"type":"binary-expr","locations":[{"start":{"line":498,"column":11},"end":{"line":498,"column":23}},{"start":{"line":498,"column":23},"end":{"line":498,"column":null}}],"line":498},"54":{"loc":{"start":{"line":500,"column":15},"end":{"line":500,"column":null}},"type":"cond-expr","locations":[{"start":{"line":500,"column":25},"end":{"line":500,"column":42}},{"start":{"line":500,"column":42},"end":{"line":500,"column":null}}],"line":500},"55":{"loc":{"start":{"line":505,"column":49},"end":{"line":505,"column":86}},"type":"cond-expr","locations":[{"start":{"line":505,"column":69},"end":{"line":505,"column":80}},{"start":{"line":505,"column":80},"end":{"line":505,"column":86}}],"line":505},"56":{"loc":{"start":{"line":505,"column":131},"end":{"line":505,"column":163}},"type":"binary-expr","locations":[{"start":{"line":505,"column":131},"end":{"line":505,"column":146}},{"start":{"line":505,"column":146},"end":{"line":505,"column":163}}],"line":505},"57":{"loc":{"start":{"line":506,"column":49},"end":{"line":506,"column":89}},"type":"cond-expr","locations":[{"start":{"line":506,"column":72},"end":{"line":506,"column":83}},{"start":{"line":506,"column":83},"end":{"line":506,"column":89}}],"line":506},"58":{"loc":{"start":{"line":506,"column":137},"end":{"line":506,"column":169}},"type":"binary-expr","locations":[{"start":{"line":506,"column":137},"end":{"line":506,"column":152}},{"start":{"line":506,"column":152},"end":{"line":506,"column":169}}],"line":506},"59":{"loc":{"start":{"line":508,"column":47},"end":{"line":508,"column":77}},"type":"cond-expr","locations":[{"start":{"line":508,"column":60},"end":{"line":508,"column":71}},{"start":{"line":508,"column":71},"end":{"line":508,"column":77}}],"line":508},"60":{"loc":{"start":{"line":509,"column":15},"end":{"line":509,"column":null}},"type":"cond-expr","locations":[{"start":{"line":509,"column":28},"end":{"line":509,"column":34}},{"start":{"line":509,"column":34},"end":{"line":509,"column":null}}],"line":509},"61":{"loc":{"start":{"line":513,"column":15},"end":{"line":513,"column":null}},"type":"cond-expr","locations":[{"start":{"line":513,"column":25},"end":{"line":513,"column":33}},{"start":{"line":513,"column":33},"end":{"line":513,"column":null}}],"line":513},"62":{"loc":{"start":{"line":519,"column":13},"end":{"line":519,"column":null}},"type":"binary-expr","locations":[{"start":{"line":519,"column":13},"end":{"line":519,"column":22}},{"start":{"line":519,"column":22},"end":{"line":519,"column":null}}],"line":519},"63":{"loc":{"start":{"line":522,"column":13},"end":{"line":522,"column":65}},"type":"cond-expr","locations":[{"start":{"line":522,"column":27},"end":{"line":522,"column":47}},{"start":{"line":522,"column":47},"end":{"line":522,"column":65}}],"line":522},"64":{"loc":{"start":{"line":524,"column":11},"end":{"line":540,"column":null}},"type":"binary-expr","locations":[{"start":{"line":524,"column":11},"end":{"line":524,"column":null}},{"start":{"line":525,"column":12},"end":{"line":540,"column":null}}],"line":524},"65":{"loc":{"start":{"line":526,"column":15},"end":{"line":536,"column":null}},"type":"cond-expr","locations":[{"start":{"line":527,"column":16},"end":{"line":529,"column":17}},{"start":{"line":529,"column":16},"end":{"line":536,"column":null}}],"line":526},"66":{"loc":{"start":{"line":532,"column":56},"end":{"line":532,"column":103}},"type":"cond-expr","locations":[{"start":{"line":532,"column":85},"end":{"line":532,"column":92}},{"start":{"line":532,"column":92},"end":{"line":532,"column":103}}],"line":532},"67":{"loc":{"start":{"line":544,"column":13},"end":{"line":544,"column":65}},"type":"cond-expr","locations":[{"start":{"line":544,"column":29},"end":{"line":544,"column":51}},{"start":{"line":544,"column":51},"end":{"line":544,"column":65}}],"line":544},"68":{"loc":{"start":{"line":546,"column":11},"end":{"line":562,"column":null}},"type":"binary-expr","locations":[{"start":{"line":546,"column":11},"end":{"line":546,"column":null}},{"start":{"line":547,"column":12},"end":{"line":562,"column":null}}],"line":546},"69":{"loc":{"start":{"line":548,"column":15},"end":{"line":558,"column":null}},"type":"cond-expr","locations":[{"start":{"line":549,"column":16},"end":{"line":551,"column":17}},{"start":{"line":551,"column":16},"end":{"line":558,"column":null}}],"line":548},"70":{"loc":{"start":{"line":552,"column":20},"end":{"line":552,"column":63}},"type":"cond-expr","locations":[{"start":{"line":552,"column":47},"end":{"line":552,"column":59}},{"start":{"line":552,"column":59},"end":{"line":552,"column":63}}],"line":552},"71":{"loc":{"start":{"line":566,"column":11},"end":{"line":577,"column":null}},"type":"cond-expr","locations":[{"start":{"line":567,"column":12},"end":{"line":569,"column":13}},{"start":{"line":569,"column":12},"end":{"line":577,"column":null}}],"line":566},"72":{"loc":{"start":{"line":572,"column":80},"end":{"line":572,"column":106}},"type":"binary-expr","locations":[{"start":{"line":572,"column":80},"end":{"line":572,"column":94}},{"start":{"line":572,"column":94},"end":{"line":572,"column":106}}],"line":572}},"s":{"0":3,"1":38,"2":38,"3":38,"4":38,"5":38,"6":38,"7":38,"8":38,"9":38,"10":38,"11":38,"12":38,"13":38,"14":38,"15":38,"16":38,"17":38,"18":38,"19":38,"20":38,"21":38,"22":38,"23":12,"24":38,"25":38,"26":38,"27":38,"28":12,"29":12,"30":12,"31":0,"32":0,"33":0,"34":0,"35":0,"36":0,"37":0,"38":38,"39":51,"40":51,"41":51,"42":38,"43":0,"44":0,"45":0,"46":0,"47":0,"48":0,"49":0,"50":0,"51":0,"52":0,"53":0,"54":0,"55":38,"56":0,"57":0,"58":0,"59":0,"60":0,"61":0,"62":0,"63":0,"64":0,"65":0,"66":0,"67":38,"68":12,"69":12,"70":7,"71":5,"72":5,"73":5,"74":5,"75":5,"76":5,"77":5,"78":0,"79":0,"80":0,"81":0,"82":0,"83":0,"84":0,"85":38,"86":0,"87":0,"88":0,"89":0,"90":0,"91":0,"92":0,"93":0,"94":0,"95":38,"96":23,"97":4,"98":4,"99":38,"100":0,"101":0,"102":0,"103":0,"104":38,"105":16,"106":4,"107":4,"108":4,"109":4,"110":0,"111":0,"112":38,"113":4,"114":4,"115":0,"116":0,"117":38,"118":0,"119":0,"120":0,"121":38,"122":1,"123":38,"124":7,"125":7,"126":7,"127":7,"128":7,"129":7,"130":7,"131":7,"132":7,"133":6,"134":2,"135":4,"136":4,"137":4,"138":4,"139":3,"140":7,"141":38,"142":0,"143":0,"144":0,"145":0,"146":38,"147":1,"148":0,"149":1,"150":1,"151":1,"152":1,"153":1,"154":1,"155":1,"156":1,"157":1,"158":1,"159":0,"160":1,"161":38,"162":12,"163":12,"164":12,"165":0,"166":12,"167":12,"168":12,"169":12,"170":12,"171":12,"172":12,"173":38,"174":1,"175":0,"176":1,"177":1,"178":0,"179":1,"180":1,"181":1,"182":1,"183":0,"184":38,"185":1,"186":1,"187":1,"188":1,"189":1,"190":0,"191":38,"192":0,"193":38,"194":13,"195":13,"196":38,"197":12,"198":12,"199":38,"200":1,"201":1,"202":0,"203":0,"204":0,"205":0,"206":0,"207":0,"208":0,"209":0,"210":0,"211":0,"212":2,"213":0,"214":1,"215":0,"216":1,"217":0,"218":1,"219":1,"220":1,"221":0},"f":{"0":38,"1":12,"2":12,"3":0,"4":0,"5":51,"6":0,"7":0,"8":0,"9":12,"10":0,"11":23,"12":0,"13":16,"14":4,"15":0,"16":4,"17":0,"18":0,"19":1,"20":7,"21":0,"22":1,"23":1,"24":12,"25":12,"26":12,"27":12,"28":12,"29":1,"30":1,"31":0,"32":13,"33":24,"34":1,"35":1,"36":0,"37":0,"38":0,"39":0,"40":0,"41":0,"42":0,"43":2,"44":0,"45":1,"46":0,"47":1,"48":0,"49":1,"50":1,"51":1,"52":0},"b":{"0":[0,12],"1":[0,0],"2":[0,0],"3":[51],"4":[51,0],"5":[0,0],"6":[0,0],"7":[0,0],"8":[0,0],"9":[0,0],"10":[0,0],"11":[7,5],"12":[5,0],"13":[0,0],"14":[0,0],"15":[4,19],"16":[0,0],"17":[4,12],"18":[16,4],"19":[4,0],"20":[0,0],"21":[7,31],"22":[38,7],"23":[2,4],"24":[3,0],"25":[0,1],"26":[1,0],"27":[1,0],"28":[1,0],"29":[1,0],"30":[12,0],"31":[12,0],"32":[12,0],"33":[0,1],"34":[0,1],"35":[1,12],"36":[1,37],"37":[1,0],"38":[10,28],"39":[10,0],"40":[10,8],"41":[38,0],"42":[38,0,0],"43":[38,1,1],"44":[0,1],"45":[1,0],"46":[38,31,24],"47":[38,7],"48":[38,2],"49":[38,7,7,7],"50":[7,0],"51":[38,7,0],"52":[31,7],"53":[38,7],"54":[7,24],"55":[1,6],"56":[7,6],"57":[0,7],"58":[7,6],"59":[1,6],"60":[1,6],"61":[0,7],"62":[38,0],"63":[1,37],"64":[38,1],"65":[1,0],"66":[0,0],"67":[2,36],"68":[38,2],"69":[1,1],"70":[1,0],"71":[38,0],"72":[0,0]},"meta":{"lastBranch":73,"lastFunction":53,"lastStatement":222,"seen":{"s:40:17:40:Infinity":0,"f:46:16:46:22":0,"s:48:25:48:Infinity":1,"s:49:18:49:Infinity":2,"s:50:18:50:Infinity":3,"s:51:16:51:Infinity":4,"s:52:21:52:Infinity":5,"s:53:22:53:Infinity":6,"s:54:17:54:Infinity":7,"s:55:22:55:Infinity":8,"s:56:16:56:Infinity":9,"s:57:18:57:Infinity":10,"s:58:26:58:Infinity":11,"s:59:19:59:Infinity":12,"s:60:15:60:Infinity":13,"s:61:16:61:Infinity":14,"s:62:19:62:Infinity":15,"s:63:22:63:Infinity":16,"s:64:22:64:Infinity":17,"s:65:22:65:Infinity":18,"s:66:19:66:Infinity":19,"s:67:20:67:Infinity":20,"s:68:24:68:Infinity":21,"s:69:19:71:Infinity":22,"f:69:34:69:58":1,"s:70:4:70:Infinity":23,"s:73:8:73:Infinity":24,"s:74:8:74:Infinity":25,"s:75:8:75:Infinity":26,"s:77:2:92:Infinity":27,"f:77:2:77:18":2,"s:78:19:78:Infinity":28,"s:79:18:79:Infinity":29,"b:80:4:91:Infinity:undefined:undefined:undefined:undefined":0,"s:80:4:91:Infinity":30,"s:81:6:81:Infinity":31,"s:82:6:82:Infinity":32,"s:83:6:90:Infinity":33,"f:84:9:84:14":3,"s:84:21:84:47":34,"b:84:30:84:43:84:43:84:47":1,"f:85:9:85:14":4,"b:86:10:89:Infinity:undefined:undefined:undefined:undefined":2,"s:86:10:89:Infinity":35,"s:87:12:87:Infinity":36,"s:88:12:88:Infinity":37,"s:94:29:102:Infinity":38,"f:94:29:94:36":5,"b:94:72:94:79":3,"s:95:18:95:Infinity":39,"s:96:20:100:Infinity":40,"b:99:18:99:59:99:59:99:Infinity":4,"s:101:4:101:Infinity":41,"s:104:21:122:Infinity":42,"f:104:21:104:28":6,"s:105:21:105:Infinity":43,"b:105:31:105:58:105:58:105:Infinity":5,"s:106:4:121:Infinity":44,"s:107:18:111:Infinity":45,"b:112:6:112:Infinity:undefined:undefined:undefined:undefined":6,"s:112:6:112:Infinity":46,"s:112:19:112:Infinity":47,"s:113:19:113:Infinity":48,"s:114:6:114:Infinity":49,"s:115:6:115:Infinity":50,"s:116:6:116:Infinity":51,"s:117:6:117:Infinity":52,"b:117:25:117:40:117:40:117:53":7,"s:119:6:119:Infinity":53,"s:120:6:120:Infinity":54,"s:127:22:137:Infinity":55,"f:127:22:127:49":7,"b:128:4:128:Infinity:undefined:undefined:undefined:undefined":8,"s:128:4:128:Infinity":56,"s:128:18:128:Infinity":57,"s:129:22:129:Infinity":58,"b:129:31:129:48:129:48:129:67":9,"b:130:4:136:Infinity:132:11:136:Infinity":10,"s:130:4:136:Infinity":59,"s:131:6:131:Infinity":60,"s:131:12:131:46":61,"s:131:60:131:94":62,"s:133:6:133:Infinity":63,"s:134:6:134:Infinity":64,"s:135:6:135:Infinity":65,"f:135:6:135:23":8,"s:135:23:135:39":66,"s:143:8:175:Infinity":67,"f:143:36:143:63":9,"s:144:26:144:Infinity":68,"b:145:4:145:Infinity:undefined:undefined:undefined:undefined":11,"s:145:4:145:Infinity":69,"s:145:23:145:Infinity":70,"s:147:24:147:Infinity":71,"s:148:29:152:Infinity":72,"b:154:4:159:Infinity:undefined:undefined:undefined:undefined":12,"s:154:4:159:Infinity":73,"s:155:19:155:Infinity":74,"s:156:6:156:Infinity":75,"s:157:6:157:Infinity":76,"s:158:6:158:Infinity":77,"s:161:26:165:Infinity":78,"b:167:4:172:Infinity:undefined:undefined:undefined:undefined":13,"s:167:4:172:Infinity":79,"s:168:19:168:Infinity":80,"s:169:6:169:Infinity":81,"s:170:6:170:Infinity":82,"s:171:6:171:Infinity":83,"s:174:4:174:Infinity":84,"s:177:23:188:Infinity":85,"f:177:23:177:30":10,"s:178:4:178:Infinity":86,"s:179:4:187:Infinity":87,"s:180:18:180:Infinity":88,"b:181:6:181:Infinity:undefined:undefined:undefined:undefined":14,"s:181:6:181:Infinity":89,"s:181:19:181:Infinity":90,"s:182:22:182:Infinity":91,"s:183:6:183:Infinity":92,"s:185:6:185:Infinity":93,"s:186:6:186:Infinity":94,"s:190:8:195:Infinity":95,"f:190:29:190:47":11,"b:191:4:194:Infinity:undefined:undefined:undefined:undefined":15,"s:191:4:194:Infinity":96,"s:192:6:192:Infinity":97,"s:193:6:193:Infinity":98,"s:197:8:206:Infinity":99,"f:197:26:197:44":12,"s:198:4:198:Infinity":100,"s:199:4:199:Infinity":101,"b:200:4:205:Infinity:undefined:undefined:undefined:undefined":16,"s:200:4:205:Infinity":102,"s:201:6:204:Infinity":103,"s:208:2:220:Infinity":104,"f:208:2:208:18":13,"b:209:4:219:Infinity:undefined:undefined:undefined:undefined":17,"s:209:4:219:Infinity":105,"b:209:8:209:22:209:22:209:41":18,"s:210:6:218:Infinity":106,"b:211:8:214:Infinity:undefined:undefined:undefined:undefined":19,"s:211:8:214:Infinity":107,"s:213:10:213:Infinity":108,"f:213:10:213:27":14,"s:213:27:213:50":109,"s:217:8:217:Infinity":110,"f:217:8:217:25":15,"s:217:25:217:44":111,"s:222:8:229:Infinity":112,"f:222:29:222:47":16,"s:223:4:223:Infinity":113,"s:224:4:228:Infinity":114,"f:224:31:224:48":17,"b:225:6:227:Infinity:undefined:undefined:undefined:undefined":20,"s:225:6:227:Infinity":115,"s:226:8:226:Infinity":116,"s:231:8:235:Infinity":117,"f:231:27:231:45":18,"s:232:4:232:Infinity":118,"s:233:4:233:Infinity":119,"s:234:4:234:Infinity":120,"s:237:21:237:Infinity":121,"b:237:59:237:104:237:104:237:Infinity":21,"b:237:21:237:32:237:32:237:59":22,"f:237:69:237:74":19,"s:237:79:237:100":122,"s:239:8:260:Infinity":123,"f:239:35:239:47":20,"s:240:4:240:Infinity":124,"s:241:4:241:Infinity":125,"s:242:4:242:Infinity":126,"s:243:4:243:Infinity":127,"s:244:4:244:Infinity":128,"s:245:4:245:Infinity":129,"s:246:4:246:Infinity":130,"s:248:4:259:Infinity":131,"s:249:18:249:Infinity":132,"b:250:6:250:Infinity:undefined:undefined:undefined:undefined":23,"s:250:6:250:Infinity":133,"s:250:19:250:Infinity":134,"s:251:34:251:Infinity":135,"s:252:6:252:Infinity":136,"s:253:6:253:Infinity":137,"s:254:6:254:Infinity":138,"s:256:6:256:Infinity":139,"b:256:38:256:52:256:52:256:74":24,"s:258:6:258:Infinity":140,"s:262:8:267:Infinity":141,"f:262:8:262:28":21,"s:263:4:263:Infinity":142,"s:264:4:264:Infinity":143,"s:265:4:265:Infinity":144,"s:266:4:266:Infinity":145,"s:269:21:295:Infinity":146,"f:269:21:269:28":22,"b:270:4:270:Infinity:undefined:undefined:undefined:undefined":25,"s:270:4:270:Infinity":147,"s:270:18:270:Infinity":148,"s:271:4:271:Infinity":149,"s:272:4:294:Infinity":150,"s:273:6:276:Infinity":151,"s:277:6:277:Infinity":152,"b:278:6:287:Infinity:undefined:undefined:undefined:undefined":26,"s:278:6:287:Infinity":153,"s:279:8:282:Infinity":154,"b:281:100:281:104:281:104:281:107":27,"s:283:8:286:Infinity":155,"b:285:96:285:100:285:100:285:103":28,"s:288:29:288:Infinity":156,"f:288:86:288:91":23,"s:288:98:288:122":157,"b:288:107:288:120:288:120:288:122":29,"s:289:6:289:Infinity":158,"s:291:6:291:Infinity":159,"s:293:6:293:Infinity":160,"s:298:2:312:Infinity":161,"f:298:2:298:18":24,"s:299:23:309:Infinity":162,"f:299:23:299:35":25,"s:300:6:304:Infinity":163,"s:301:8:301:Infinity":164,"s:303:8:303:Infinity":165,"s:306:6:306:Infinity":166,"f:306:50:306:55":26,"s:306:62:306:86":167,"b:306:71:306:84:306:84:306:86":30,"s:307:6:307:Infinity":168,"f:307:57:307:62":27,"s:307:69:307:93":169,"b:307:78:307:91:307:91:307:93":31,"s:308:6:308:Infinity":170,"f:308:56:308:61":28,"s:308:68:308:92":171,"b:308:77:308:90:308:90:308:92":32,"s:311:4:311:Infinity":172,"s:314:31:331:Infinity":173,"f:314:31:314:58":29,"b:315:4:315:Infinity:undefined:undefined:undefined:undefined":33,"s:315:4:315:Infinity":174,"s:315:18:315:Infinity":175,"s:316:4:330:Infinity":176,"b:317:6:324:Infinity:319:13:324:Infinity":34,"s:317:6:324:Infinity":177,"s:318:8:318:Infinity":178,"s:320:8:323:Infinity":179,"s:325:18:325:Infinity":180,"s:326:31:326:Infinity":181,"s:327:6:327:Infinity":182,"s:329:6:329:Infinity":183,"s:333:31:342:Infinity":184,"f:333:31:333:38":30,"s:334:4:341:Infinity":185,"s:335:6:335:Infinity":186,"s:336:18:336:Infinity":187,"s:337:31:337:Infinity":188,"s:338:6:338:Infinity":189,"s:340:6:340:Infinity":190,"s:344:8:344:Infinity":191,"f:344:8:344:27":31,"s:344:27:344:Infinity":192,"s:346:2:349:Infinity":193,"f:346:2:346:18":32,"s:347:4:347:Infinity":194,"s:348:4:348:Infinity":195,"b:348:45:348:54:348:54:348:61":35,"s:351:2:351:Infinity":196,"f:351:2:351:24":33,"s:351:2:351:46":197,"s:351:24:351:46":198,"s:353:2:579:Infinity":199,"f:359:47:359:62":34,"s:359:62:359:86":200,"b:360:24:360:31:360:31:360:Infinity":36,"f:362:44:362:59":35,"s:362:59:362:Infinity":201,"b:362:66:362:89:362:89:362:Infinity":37,"b:364:14:368:Infinity:368:16:368:Infinity":38,"b:365:17:365:36:365:36:366:17":39,"b:366:23:366:44:366:44:366:61":40,"b:370:11:370:Infinity:371:12:373:Infinity":41,"b:378:7:378:19:378:19:378:Infinity:379:8:391:Infinity":42,"f:382:66:382:77":36,"s:382:114:382:141":202,"f:383:75:383:86":37,"s:383:123:383:153":203,"f:384:44:384:59":38,"s:384:59:384:77":204,"f:385:46:385:61":39,"s:385:61:385:80":205,"f:389:46:389:61":40,"s:389:61:389:81":206,"b:394:7:394:22:394:22:394:Infinity:395:8:424:Infinity":43,"f:397:42:397:57":41,"s:397:57:397:80":207,"b:400:16:402:17:402:16:402:Infinity":44,"b:404:19:404:40:404:40:404:55":45,"f:417:57:417:72":42,"s:418:14:418:Infinity":208,"s:419:14:419:Infinity":209,"s:420:14:420:Infinity":210,"s:421:14:421:Infinity":211,"f:430:49:430:60":43,"s:430:98:430:Infinity":212,"f:439:80:439:91":44,"s:439:128:439:161":213,"b:445:9:445:24:445:24:445:Infinity:446:10:450:Infinity":46,"b:453:9:453:Infinity:454:10:457:Infinity":47,"b:460:9:460:Infinity:461:10:464:Infinity":48,"b:467:9:467:23:467:23:467:34:467:34:467:Infinity:468:10:482:Infinity":49,"b:470:46:470:63:470:63:470:81":50,"b:485:9:485:23:485:23:485:Infinity:486:10:494:Infinity":51,"b:499:12:503:13:503:12:515:Infinity":52,"b:498:11:498:23:498:23:498:Infinity":53,"b:500:25:500:42:500:42:500:Infinity":54,"b:505:69:505:80:505:80:505:86":55,"f:505:86:505:101":45,"s:505:101:505:121":214,"b:505:131:505:146:505:146:505:163":56,"b:506:72:506:83:506:83:506:89":57,"f:506:89:506:104":46,"s:506:104:506:127":215,"b:506:137:506:152:506:152:506:169":58,"b:508:60:508:71:508:71:508:77":59,"b:509:28:509:34:509:34:509:Infinity":60,"b:513:25:513:33:513:33:513:Infinity":61,"b:519:13:519:22:519:22:519:Infinity":62,"f:521:59:521:74":47,"s:521:74:521:Infinity":216,"b:522:27:522:47:522:47:522:65":63,"b:524:11:524:Infinity:525:12:540:Infinity":64,"b:527:16:529:17:529:16:536:Infinity":65,"f:530:40:530:45":48,"s:531:20:534:Infinity":217,"b:532:85:532:92:532:92:532:103":66,"f:543:61:543:76":49,"s:543:76:543:Infinity":218,"b:544:29:544:51:544:51:544:65":67,"b:546:11:546:Infinity:547:12:562:Infinity":68,"b:549:16:551:17:551:16:558:Infinity":69,"b:552:47:552:59:552:59:552:63":70,"f:552:63:552:68":50,"s:553:20:556:Infinity":219,"f:555:57:555:72":51,"s:555:72:555:103":220,"b:567:12:569:13:569:12:577:Infinity":71,"f:570:31:570:36":52,"s:571:16:573:Infinity":221,"b:572:80:572:94:572:94:572:106":72}}}
,"/home/hisham/stumble-clone/ui/src/hooks/usePWA.ts": {"path":"/home/hisham/stumble-clone/ui/src/hooks/usePWA.ts","statementMap":{"0":{"start":{"line":20,"column":24},"end":{"line":20,"column":null}},"1":{"start":{"line":21,"column":24},"end":{"line":21,"column":null}},"2":{"start":{"line":23,"column":2},"end":{"line":37,"column":null}},"3":{"start":{"line":24,"column":10},"end":{"line":30,"column":null}},"4":{"start":{"line":26,"column":6},"end":{"line":26,"column":null}},"5":{"start":{"line":28,"column":6},"end":{"line":28,"column":null}},"6":{"start":{"line":29,"column":6},"end":{"line":29,"column":null}},"7":{"start":{"line":32,"column":4},"end":{"line":32,"column":null}},"8":{"start":{"line":34,"column":4},"end":{"line":36,"column":null}},"9":{"start":{"line":35,"column":6},"end":{"line":35,"column":null}},"10":{"start":{"line":39,"column":28},"end":{"line":57,"column":null}},"11":{"start":{"line":40,"column":4},"end":{"line":40,"column":null}},"12":{"start":{"line":40,"column":24},"end":{"line":40,"column":null}},"13":{"start":{"line":43,"column":4},"end":{"line":43,"column":null}},"14":{"start":{"line":46,"column":24},"end":{"line":46,"column":null}},"15":{"start":{"line":48,"column":4},"end":{"line":52,"column":null}},"16":{"start":{"line":49,"column":6},"end":{"line":49,"column":null}},"17":{"start":{"line":51,"column":6},"end":{"line":51,"column":null}},"18":{"start":{"line":55,"column":4},"end":{"line":55,"column":null}},"19":{"start":{"line":56,"column":4},"end":{"line":56,"column":null}},"20":{"start":{"line":59,"column":2},"end":{"line":59,"column":null}}},"fnMap":{"0":{"name":"usePWA","decl":{"start":{"line":19,"column":16},"end":{"line":19,"column":25}},"loc":{"start":{"line":19,"column":25},"end":{"line":60,"column":null}},"line":19},"1":{"name":"(anonymous_1)","decl":{"start":{"line":23,"column":2},"end":{"line":23,"column":18}},"loc":{"start":{"line":23,"column":18},"end":{"line":37,"column":5}},"line":23},"2":{"name":"(anonymous_2)","decl":{"start":{"line":24,"column":10},"end":{"line":24,"column":39}},"loc":{"start":{"line":24,"column":52},"end":{"line":30,"column":null}},"line":24},"3":{"name":"(anonymous_3)","decl":{"start":{"line":34,"column":4},"end":{"line":34,"column":17}},"loc":{"start":{"line":34,"column":17},"end":{"line":36,"column":null}},"line":34},"4":{"name":"(anonymous_4)","decl":{"start":{"line":39,"column":28},"end":{"line":39,"column":40}},"loc":{"start":{"line":39,"column":40},"end":{"line":57,"column":null}},"line":39}},"branchMap":{"0":{"loc":{"start":{"line":40,"column":4},"end":{"line":40,"column":null}},"type":"if","locations":[{"start":{"line":40,"column":4},"end":{"line":40,"column":null}},{"start":{},"end":{}}],"line":40},"1":{"loc":{"start":{"line":48,"column":4},"end":{"line":52,"column":null}},"type":"if","locations":[{"start":{"line":48,"column":4},"end":{"line":52,"column":null}},{"start":{"line":50,"column":11},"end":{"line":52,"column":null}}],"line":48}},"s":{"0":47,"1":47,"2":47,"3":15,"4":5,"5":5,"6":5,"7":15,"8":15,"9":12,"10":47,"11":1,"12":0,"13":1,"14":1,"15":1,"16":1,"17":0,"18":1,"19":1,"20":47},"f":{"0":47,"1":15,"2":5,"3":12,"4":1},"b":{"0":[0,1],"1":[1,0]},"meta":{"lastBranch":2,"lastFunction":5,"lastStatement":21,"seen":{"f:19:16:19:25":0,"s:20:24:20:Infinity":0,"s:21:24:21:Infinity":1,"s:23:2:37:Infinity":2,"f:23:2:23:18":1,"s:24:10:30:Infinity":3,"f:24:10:24:39":2,"s:26:6:26:Infinity":4,"s:28:6:28:Infinity":5,"s:29:6:29:Infinity":6,"s:32:4:32:Infinity":7,"s:34:4:36:Infinity":8,"f:34:4:34:17":3,"s:35:6:35:Infinity":9,"s:39:28:57:Infinity":10,"f:39:28:39:40":4,"b:40:4:40:Infinity:undefined:undefined:undefined:undefined":0,"s:40:4:40:Infinity":11,"s:40:24:40:Infinity":12,"s:43:4:43:Infinity":13,"s:46:24:46:Infinity":14,"b:48:4:52:Infinity:50:11:52:Infinity":1,"s:48:4:52:Infinity":15,"s:49:6:49:Infinity":16,"s:51:6:51:Infinity":17,"s:55:4:55:Infinity":18,"s:56:4:56:Infinity":19,"s:59:2:59:Infinity":20}}}
}
